<?xml version="1.0" encoding="UTF-8"?>
<!-- Generated by org.testng.reporters.JUnitXMLReporter -->
<testsuite ignored="8" hostname="DESKTOP-3FJ2E8T" failures="0" tests="15" name="Test1" time="558.525" errors="0" timestamp="2024-02-16T17:06:34 IST">
  <testcase classname="test.components.BottomLinksTest" name="bottomLinksTc13" time="80.082"/>
  <testcase classname="test.components.CheckOutTest" name="paymentTc12" time="63.373"/>
  <testcase classname="test.components.LoginTest" name="signinTc01" time="15.256"/>
  <testcase classname="test.components.LoginTest" name="signinTc02" time="16.021"/>
  <testcase classname="test.components.LoginTest" name="signinTc03" time="17.417"/>
  <testcase classname="test.components.LoginTest" name="signinTc04" time="17.531"/>
  <testcase classname="test.components.SearchAddItemTest" name="searchItemTc07" time="31.539"/>
  <testcase classname="test.components.ShopByDeaprtmentTest" name="departCartTc08" time="31.933"/>
  <testcase classname="test.components.ShopByDeaprtmentTest" name="departCartTc09" time="31.616"/>
  <testcase classname="test.components.UrlLinkTest" name="brokenUrlValidationTc15" time="9.178"/>
  <testcase classname="test.components.ShopByBrandTest" name="brandCartTc11" time="43.398"/>
  <testcase classname="test.components.ShopByBrandTest" name="brandCartTc10" time="34.345"/>
  <testcase classname="test.components.MenuTest" name="menuValidationTc14" time="76.128"/>
  <testcase classname="test.components.AccountCreationTest" name="creationTc05" time="19.589"/>
  <testcase classname="test.components.AccountCreationTest" name="creationTc06" time="18.076"/>
  <testcase classname="base.components.Engine" name="@BeforeSuite beforeSuite" time="0.0">
    <ignored/>
  </testcase> <!-- @BeforeSuite beforeSuite -->
  <testcase classname="base.components.Engine" name="@BeforeSuite beforeSuite" time="0.0">
    <ignored/>
  </testcase> <!-- @BeforeSuite beforeSuite -->
  <testcase classname="base.components.Engine" name="@BeforeSuite beforeSuite" time="0.0">
    <ignored/>
  </testcase> <!-- @BeforeSuite beforeSuite -->
  <testcase classname="base.components.Engine" name="@BeforeSuite beforeSuite" time="0.0">
    <ignored/>
  </testcase> <!-- @BeforeSuite beforeSuite -->
  <testcase classname="base.components.Engine" name="@BeforeSuite beforeSuite" time="0.0">
    <ignored/>
  </testcase> <!-- @BeforeSuite beforeSuite -->
  <testcase classname="base.components.Engine" name="@BeforeSuite beforeSuite" time="0.0">
    <ignored/>
  </testcase> <!-- @BeforeSuite beforeSuite -->
  <testcase classname="base.components.Engine" name="@BeforeSuite beforeSuite" time="0.0">
    <ignored/>
  </testcase> <!-- @BeforeSuite beforeSuite -->
  <testcase classname="base.components.Engine" name="@BeforeSuite beforeSuite" time="0.0">
    <ignored/>
  </testcase> <!-- @BeforeSuite beforeSuite -->
</testsuite> <!-- Test1 -->
